{"email":"test@example.com","error":"secretOrPrivateKey must have a value","level":"error","message":"Registration failed","service":"progress-tracker-api","timestamp":"2025-07-28T20:39:28.582Z","username":"testuser"}
{"email":"existing@example.com","error":"邮箱已被注册","level":"error","message":"Registration failed","service":"progress-tracker-api","timestamp":"2025-07-28T20:39:28.817Z","username":"newuser"}
{"email":"new@example.com","error":"用户名已被使用","level":"error","message":"Registration failed","service":"progress-tracker-api","timestamp":"2025-07-28T20:39:29.044Z","username":"existinguser"}
{"email":"login@example.com","error":"secretOrPrivateKey must have a value","level":"error","message":"Login failed","service":"progress-tracker-api","timestamp":"2025-07-28T20:39:29.498Z"}
{"email":"login@example.com","error":"邮箱或密码错误","level":"error","message":"Login failed","service":"progress-tracker-api","timestamp":"2025-07-28T20:39:29.940Z"}
{"email":"nonexistent@example.com","error":"邮箱或密码错误","level":"error","message":"Login failed","service":"progress-tracker-api","timestamp":"2025-07-28T20:39:30.167Z"}
{"email":"profile@example.com","error":"secretOrPrivateKey must have a value","level":"error","message":"Registration failed","service":"progress-tracker-api","timestamp":"2025-07-28T20:39:30.390Z","username":"profileuser"}
{"email":"profile@example.com","error":"secretOrPrivateKey must have a value","level":"error","message":"Registration failed","service":"progress-tracker-api","timestamp":"2025-07-28T20:39:30.615Z","username":"profileuser"}
{"email":"profile@example.com","error":"secretOrPrivateKey must have a value","level":"error","message":"Registration failed","service":"progress-tracker-api","timestamp":"2025-07-28T20:39:30.841Z","username":"profileuser"}
{"email":"test@example.com","level":"info","message":"User registered successfully","service":"progress-tracker-api","timestamp":"2025-07-28T20:39:56.133Z","userId":"f668e085-ff28-4b0f-8327-bc03e4e75968","username":"testuser"}
{"email":"existing@example.com","error":"邮箱已被注册","level":"error","message":"Registration failed","service":"progress-tracker-api","timestamp":"2025-07-28T20:39:56.363Z","username":"newuser"}
{"email":"new@example.com","error":"用户名已被使用","level":"error","message":"Registration failed","service":"progress-tracker-api","timestamp":"2025-07-28T20:39:56.588Z","username":"existinguser"}
{"email":"login@example.com","level":"info","message":"User logged in successfully","service":"progress-tracker-api","timestamp":"2025-07-28T20:39:57.046Z","userId":"b9d6b17e-ea8b-49f4-81c2-7938db7e2bae"}
{"email":"login@example.com","error":"邮箱或密码错误","level":"error","message":"Login failed","service":"progress-tracker-api","timestamp":"2025-07-28T20:39:57.497Z"}
{"email":"nonexistent@example.com","error":"邮箱或密码错误","level":"error","message":"Login failed","service":"progress-tracker-api","timestamp":"2025-07-28T20:39:57.726Z"}
{"email":"profile@example.com","level":"info","message":"User registered successfully","service":"progress-tracker-api","timestamp":"2025-07-28T20:39:57.952Z","userId":"bd01f0ef-e65f-4432-9df0-36c8ca49cc0f","username":"profileuser"}
{"email":"profile@example.com","level":"info","message":"User registered successfully","service":"progress-tracker-api","timestamp":"2025-07-28T20:39:58.182Z","userId":"ac88b0db-5e20-42c0-9fa2-a7d34a8ce8d2","username":"profileuser"}
{"email":"test@example.com","level":"info","message":"User registered successfully","service":"progress-tracker-api","timestamp":"2025-07-28T20:40:45.750Z","userId":"a8936b7f-ed4b-46d3-be92-3153e1e144e0","username":"testuser"}
{"email":"test@example.com","level":"info","message":"User registered successfully","service":"progress-tracker-api","timestamp":"2025-07-28T20:43:15.375Z","userId":"156a402f-4663-468b-b827-e9b13ce40e85","username":"testuser"}
{"email":"login@example.com","level":"info","message":"User registered successfully","service":"progress-tracker-api","timestamp":"2025-07-28T20:43:15.619Z","userId":"827430d5-df7d-43f1-91b4-520dad149b05","username":"loginuser"}
{"email":"login@example.com","level":"info","message":"User logged in successfully","service":"progress-tracker-api","timestamp":"2025-07-28T20:43:15.850Z","userId":"827430d5-df7d-43f1-91b4-520dad149b05"}
{"email":"profile@example.com","level":"info","message":"User registered successfully","service":"progress-tracker-api","timestamp":"2025-07-28T20:43:16.080Z","userId":"2c9c4b5a-de02-45b8-a913-21da48e95398","username":"profileuser"}
{"email":"integration@example.com","level":"info","message":"User registered successfully","service":"progress-tracker-api","timestamp":"2025-07-28T21:01:54.929Z","userId":"c1869f7a-92d7-4442-946e-f34f29313a2e","username":"integrationuser"}
{"email":"integration@example.com","level":"info","message":"User registered successfully","service":"progress-tracker-api","timestamp":"2025-07-28T21:01:55.176Z","userId":"78b84ac7-e0df-49d8-9375-258e850cee4e","username":"integrationuser"}
{"email":"integration@example.com","level":"info","message":"User registered successfully","service":"progress-tracker-api","timestamp":"2025-07-28T21:01:55.416Z","userId":"1cfee0f0-cf88-43b0-bdda-2e645a3f7b0f","username":"integrationuser"}
{"email":"debug@example.com","level":"info","message":"User registered successfully","service":"progress-tracker-api","timestamp":"2025-07-28T21:02:44.334Z","userId":"813d338d-97e9-41b5-ae66-b71c44648fd8","username":"debuguser"}
{"email":"shenyukang99@gmail.com","error":"邮箱或密码错误","level":"error","message":"Login failed","service":"progress-tracker-api","timestamp":"2025-07-28T21:17:25.328Z"}
{"email":"shenyukang99@gmail.com","level":"info","message":"User registered successfully","service":"progress-tracker-api","timestamp":"2025-07-28T21:18:22.516Z","userId":"87b237b7-d8e3-4b66-8410-70d005a7aa77","username":"shenyukang"}
{"level":"info","message":"User logged out","service":"progress-tracker-api","timestamp":"2025-07-28T21:18:27.792Z","userId":"87b237b7-d8e3-4b66-8410-70d005a7aa77"}
{"email":"shenyukang99@gmail.com","level":"info","message":"User logged in successfully","service":"progress-tracker-api","timestamp":"2025-07-28T21:19:15.993Z","userId":"87b237b7-d8e3-4b66-8410-70d005a7aa77"}
{"email":"test@example.com","error":"secretOrPrivateKey must have a value","level":"error","message":"Registration failed","service":"progress-tracker-api","timestamp":"2025-07-28T21:30:27.562Z","username":"testuser"}
{"email":"test@example.com","error":"secretOrPrivateKey must have a value","level":"error","message":"Registration failed","service":"progress-tracker-api","timestamp":"2025-07-28T21:30:27.791Z","username":"testuser"}
{"email":"test@example.com","error":"secretOrPrivateKey must have a value","level":"error","message":"Registration failed","service":"progress-tracker-api","timestamp":"2025-07-28T21:30:28.017Z","username":"testuser"}
{"email":"test@example.com","error":"secretOrPrivateKey must have a value","level":"error","message":"Registration failed","service":"progress-tracker-api","timestamp":"2025-07-28T21:30:28.242Z","username":"testuser"}
{"email":"test@example.com","error":"secretOrPrivateKey must have a value","level":"error","message":"Registration failed","service":"progress-tracker-api","timestamp":"2025-07-28T21:30:28.468Z","username":"testuser"}
{"email":"test@example.com","error":"secretOrPrivateKey must have a value","level":"error","message":"Registration failed","service":"progress-tracker-api","timestamp":"2025-07-28T21:30:28.693Z","username":"testuser"}
{"email":"test@example.com","error":"secretOrPrivateKey must have a value","level":"error","message":"Registration failed","service":"progress-tracker-api","timestamp":"2025-07-28T21:30:28.916Z","username":"testuser"}
{"email":"test@example.com","error":"secretOrPrivateKey must have a value","level":"error","message":"Registration failed","service":"progress-tracker-api","timestamp":"2025-07-28T21:30:29.141Z","username":"testuser"}
{"email":"test@example.com","error":"secretOrPrivateKey must have a value","level":"error","message":"Registration failed","service":"progress-tracker-api","timestamp":"2025-07-28T21:30:29.366Z","username":"testuser"}
{"email":"test@example.com","error":"secretOrPrivateKey must have a value","level":"error","message":"Registration failed","service":"progress-tracker-api","timestamp":"2025-07-28T21:30:29.590Z","username":"testuser"}
{"email":"test@example.com","error":"secretOrPrivateKey must have a value","level":"error","message":"Registration failed","service":"progress-tracker-api","timestamp":"2025-07-28T21:30:29.813Z","username":"testuser"}
{"email":"test@example.com","error":"secretOrPrivateKey must have a value","level":"error","message":"Registration failed","service":"progress-tracker-api","timestamp":"2025-07-28T21:30:30.036Z","username":"testuser"}
{"email":"test@example.com","error":"secretOrPrivateKey must have a value","level":"error","message":"Registration failed","service":"progress-tracker-api","timestamp":"2025-07-28T21:30:30.260Z","username":"testuser"}
{"email":"test@example.com","error":"secretOrPrivateKey must have a value","level":"error","message":"Registration failed","service":"progress-tracker-api","timestamp":"2025-07-28T21:30:30.484Z","username":"testuser"}
{"email":"test@example.com","error":"secretOrPrivateKey must have a value","level":"error","message":"Registration failed","service":"progress-tracker-api","timestamp":"2025-07-28T21:30:52.622Z","username":"testuser"}
{"email":"test@example.com","error":"secretOrPrivateKey must have a value","level":"error","message":"Registration failed","service":"progress-tracker-api","timestamp":"2025-07-28T21:30:52.861Z","username":"testuser"}
{"email":"test@example.com","error":"secretOrPrivateKey must have a value","level":"error","message":"Registration failed","service":"progress-tracker-api","timestamp":"2025-07-28T21:30:53.086Z","username":"testuser"}
{"email":"test@example.com","error":"secretOrPrivateKey must have a value","level":"error","message":"Registration failed","service":"progress-tracker-api","timestamp":"2025-07-28T21:30:53.310Z","username":"testuser"}
{"email":"test@example.com","error":"secretOrPrivateKey must have a value","level":"error","message":"Registration failed","service":"progress-tracker-api","timestamp":"2025-07-28T21:30:53.536Z","username":"testuser"}
{"email":"test@example.com","error":"secretOrPrivateKey must have a value","level":"error","message":"Registration failed","service":"progress-tracker-api","timestamp":"2025-07-28T21:30:53.760Z","username":"testuser"}
{"email":"test@example.com","error":"secretOrPrivateKey must have a value","level":"error","message":"Registration failed","service":"progress-tracker-api","timestamp":"2025-07-28T21:30:53.985Z","username":"testuser"}
{"email":"test@example.com","error":"secretOrPrivateKey must have a value","level":"error","message":"Registration failed","service":"progress-tracker-api","timestamp":"2025-07-28T21:30:54.209Z","username":"testuser"}
{"email":"test@example.com","error":"secretOrPrivateKey must have a value","level":"error","message":"Registration failed","service":"progress-tracker-api","timestamp":"2025-07-28T21:30:54.434Z","username":"testuser"}
{"email":"test@example.com","error":"secretOrPrivateKey must have a value","level":"error","message":"Registration failed","service":"progress-tracker-api","timestamp":"2025-07-28T21:30:54.659Z","username":"testuser"}
{"email":"test@example.com","error":"secretOrPrivateKey must have a value","level":"error","message":"Registration failed","service":"progress-tracker-api","timestamp":"2025-07-28T21:30:54.882Z","username":"testuser"}
{"email":"test@example.com","error":"secretOrPrivateKey must have a value","level":"error","message":"Registration failed","service":"progress-tracker-api","timestamp":"2025-07-28T21:30:55.104Z","username":"testuser"}
{"email":"test@example.com","error":"secretOrPrivateKey must have a value","level":"error","message":"Registration failed","service":"progress-tracker-api","timestamp":"2025-07-28T21:30:55.327Z","username":"testuser"}
{"email":"test@example.com","error":"secretOrPrivateKey must have a value","level":"error","message":"Registration failed","service":"progress-tracker-api","timestamp":"2025-07-28T21:30:55.550Z","username":"testuser"}
{"email":"test@example.com","level":"info","message":"User registered successfully","service":"progress-tracker-api","timestamp":"2025-07-28T21:31:30.933Z","userId":"02e51d80-4cda-47fb-9151-9781501aa276","username":"testuser"}
{"email":"test@example.com","level":"info","message":"User registered successfully","service":"progress-tracker-api","timestamp":"2025-07-28T21:31:31.162Z","userId":"257ce540-a9d0-4133-ade5-139cb7b9a24a","username":"testuser"}
{"email":"test@example.com","level":"info","message":"User registered successfully","service":"progress-tracker-api","timestamp":"2025-07-28T21:31:31.386Z","userId":"b3f2c4c2-189f-47cb-b586-941a2e457cae","username":"testuser"}
{"email":"test@example.com","level":"info","message":"User registered successfully","service":"progress-tracker-api","timestamp":"2025-07-28T21:31:31.611Z","userId":"c80f9f21-4ef3-4020-b4ae-63df555a7037","username":"testuser"}
{"email":"test@example.com","level":"info","message":"User registered successfully","service":"progress-tracker-api","timestamp":"2025-07-28T21:31:31.835Z","userId":"e1bf53ff-cf66-4b7e-864a-9cf11a33763a","username":"testuser"}
{"email":"test@example.com","level":"info","message":"User registered successfully","service":"progress-tracker-api","timestamp":"2025-07-28T21:31:32.060Z","userId":"35b3f50d-f18c-4e2c-bac5-8148006b2a73","username":"testuser"}
{"email":"test@example.com","level":"info","message":"User registered successfully","service":"progress-tracker-api","timestamp":"2025-07-28T21:31:32.283Z","userId":"ad4fba26-6dfa-4aeb-9b7f-c970be89c2dc","username":"testuser"}
{"email":"test@example.com","level":"info","message":"User registered successfully","service":"progress-tracker-api","timestamp":"2025-07-28T21:31:32.510Z","userId":"de07797e-234b-4b3d-9a53-186884ade1a4","username":"testuser"}
{"email":"test@example.com","level":"info","message":"User registered successfully","service":"progress-tracker-api","timestamp":"2025-07-28T21:31:32.738Z","userId":"32831762-ad17-437e-aace-4601d8972526","username":"testuser"}
{"email":"test@example.com","level":"info","message":"User registered successfully","service":"progress-tracker-api","timestamp":"2025-07-28T21:31:32.963Z","userId":"f866f6eb-92cc-489d-aaa2-dd7ab4fc847f","username":"testuser"}
{"email":"test@example.com","level":"info","message":"User registered successfully","service":"progress-tracker-api","timestamp":"2025-07-28T21:31:33.186Z","userId":"ea8d182d-d7a9-4971-957a-172c69bf7bc5","username":"testuser"}
{"email":"test@example.com","level":"info","message":"User registered successfully","service":"progress-tracker-api","timestamp":"2025-07-28T21:31:33.408Z","userId":"619a324a-dc66-48b3-b94d-f695d0a60379","username":"testuser"}
{"email":"test@example.com","level":"info","message":"User registered successfully","service":"progress-tracker-api","timestamp":"2025-07-28T21:31:33.632Z","userId":"8b72c79c-0e67-430c-951a-ac2f967caff0","username":"testuser"}
{"email":"test@example.com","level":"info","message":"User registered successfully","service":"progress-tracker-api","timestamp":"2025-07-28T21:31:33.855Z","userId":"176d2be3-3e6d-48ff-9edb-911cd3b80a1f","username":"testuser"}
{"email":"test@example.com","level":"info","message":"User registered successfully","service":"progress-tracker-api","timestamp":"2025-07-28T21:32:14.150Z","userId":"1d8914e2-331c-4e5c-8974-a84903ee5c52","username":"testuser"}
{"email":"test@example.com","level":"info","message":"User registered successfully","service":"progress-tracker-api","timestamp":"2025-07-28T21:32:14.386Z","userId":"2b89a125-a40f-40c0-9835-5c7e796c0c10","username":"testuser"}
{"email":"test@example.com","level":"info","message":"User registered successfully","service":"progress-tracker-api","timestamp":"2025-07-28T21:32:14.673Z","userId":"28346bc0-2e75-4126-8efb-8b466fa9dcfb","username":"testuser"}
{"email":"test@example.com","level":"info","message":"User registered successfully","service":"progress-tracker-api","timestamp":"2025-07-28T21:32:14.899Z","userId":"0c97c055-bb48-4b5f-b638-7fa0f256405e","username":"testuser"}
{"email":"test@example.com","level":"info","message":"User registered successfully","service":"progress-tracker-api","timestamp":"2025-07-28T21:32:15.131Z","userId":"bd101b40-20eb-4dce-bef7-2a4c1ce52799","username":"testuser"}
{"email":"test@example.com","level":"info","message":"User registered successfully","service":"progress-tracker-api","timestamp":"2025-07-28T21:32:15.364Z","userId":"25089057-1e09-4f98-8669-19198abe54f8","username":"testuser"}
{"email":"test@example.com","level":"info","message":"User registered successfully","service":"progress-tracker-api","timestamp":"2025-07-28T21:32:15.590Z","userId":"b60edce0-1f24-40c2-a89d-719cd7372e51","username":"testuser"}
{"email":"test@example.com","level":"info","message":"User registered successfully","service":"progress-tracker-api","timestamp":"2025-07-28T21:32:15.822Z","userId":"5fd8e745-91d4-40d4-b257-963ce3395a93","username":"testuser"}
{"email":"test@example.com","level":"info","message":"User registered successfully","service":"progress-tracker-api","timestamp":"2025-07-28T21:32:16.051Z","userId":"0414fb47-a61b-4acf-8bc9-a6a175895e04","username":"testuser"}
{"email":"test@example.com","level":"info","message":"User registered successfully","service":"progress-tracker-api","timestamp":"2025-07-28T21:32:16.282Z","userId":"22412f36-b5d0-4387-bcc2-5f9ef3ea8423","username":"testuser"}
{"email":"test@example.com","level":"info","message":"User registered successfully","service":"progress-tracker-api","timestamp":"2025-07-28T21:32:16.510Z","userId":"41bc7a41-5248-40fe-8c51-f2b38817e106","username":"testuser"}
{"email":"test@example.com","level":"info","message":"User registered successfully","service":"progress-tracker-api","timestamp":"2025-07-28T21:32:16.739Z","userId":"6f328dc5-ded7-4b37-af70-a0fd33ae13be","username":"testuser"}
{"email":"test@example.com","level":"info","message":"User registered successfully","service":"progress-tracker-api","timestamp":"2025-07-28T21:32:16.967Z","userId":"a347792f-bc5b-4fc0-ba83-30564006a539","username":"testuser"}
{"email":"test@example.com","level":"info","message":"User registered successfully","service":"progress-tracker-api","timestamp":"2025-07-28T21:32:17.201Z","userId":"5f098d10-0975-42c8-a236-d424121073cd","username":"testuser"}
{"email":"test@example.com","level":"info","message":"User registered successfully","service":"progress-tracker-api","timestamp":"2025-07-28T21:32:38.896Z","userId":"a0ece890-10e9-48f4-bd70-3f53d2b530d4","username":"testuser"}
{"email":"test@example.com","level":"info","message":"User registered successfully","service":"progress-tracker-api","timestamp":"2025-07-28T21:32:39.133Z","userId":"14a5d973-ba36-49a5-a761-161ef68c9c3e","username":"testuser"}
{"email":"test@example.com","level":"info","message":"User registered successfully","service":"progress-tracker-api","timestamp":"2025-07-28T21:32:39.417Z","userId":"50aa5691-9341-40fd-9863-a54a4d8ca65c","username":"testuser"}
{"email":"test@example.com","level":"info","message":"User registered successfully","service":"progress-tracker-api","timestamp":"2025-07-28T21:32:39.642Z","userId":"ea425e6d-32b4-4bdd-82a0-109c34435398","username":"testuser"}
{"email":"test@example.com","level":"info","message":"User registered successfully","service":"progress-tracker-api","timestamp":"2025-07-28T21:32:39.869Z","userId":"56859585-00fc-4900-8ece-204140d43db4","username":"testuser"}
{"email":"test@example.com","level":"info","message":"User registered successfully","service":"progress-tracker-api","timestamp":"2025-07-28T21:32:40.110Z","userId":"8c20081b-5cdd-464d-a39f-3f37c9036fce","username":"testuser"}
{"email":"test@example.com","level":"info","message":"User registered successfully","service":"progress-tracker-api","timestamp":"2025-07-28T21:32:40.338Z","userId":"46333f54-0b97-4fc4-9fd5-ae32fa51947f","username":"testuser"}
{"email":"test@example.com","level":"info","message":"User registered successfully","service":"progress-tracker-api","timestamp":"2025-07-28T21:32:40.571Z","userId":"0fcc33e2-65f8-4e8a-a7b4-040cbfc9b55e","username":"testuser"}
{"email":"test@example.com","level":"info","message":"User registered successfully","service":"progress-tracker-api","timestamp":"2025-07-28T21:32:40.801Z","userId":"f370143c-9b2a-4e6c-ad64-117581cc75b1","username":"testuser"}
{"email":"test@example.com","level":"info","message":"User registered successfully","service":"progress-tracker-api","timestamp":"2025-07-28T21:32:41.032Z","userId":"4f9b1f5e-6ee5-45f2-b9a0-2d31e1f3052c","username":"testuser"}
{"email":"test@example.com","level":"info","message":"User registered successfully","service":"progress-tracker-api","timestamp":"2025-07-28T21:32:41.260Z","userId":"fcedbb58-908f-4194-82a7-96ef4b73233b","username":"testuser"}
{"email":"test@example.com","level":"info","message":"User registered successfully","service":"progress-tracker-api","timestamp":"2025-07-28T21:32:41.489Z","userId":"29334ea4-0040-4364-aaa7-83f10ddde8e7","username":"testuser"}
{"email":"test@example.com","level":"info","message":"User registered successfully","service":"progress-tracker-api","timestamp":"2025-07-28T21:32:41.717Z","userId":"b35c1a6b-a603-4a3d-b570-201c3844e24d","username":"testuser"}
{"email":"test@example.com","level":"info","message":"User registered successfully","service":"progress-tracker-api","timestamp":"2025-07-28T21:32:41.950Z","userId":"e108ae3e-aa0d-4c21-ad7d-42608dbd6793","username":"testuser"}
{"email":"test@example.com","level":"info","message":"User registered successfully","service":"progress-tracker-api","timestamp":"2025-07-28T21:33:00.469Z","userId":"83aedcb7-c69d-49e7-bba9-f5ee6e5beefa","username":"testuser"}
{"email":"test@example.com","level":"info","message":"User registered successfully","service":"progress-tracker-api","timestamp":"2025-07-28T21:33:00.707Z","userId":"d0f6d7c8-2941-4913-adc6-017a7f8131db","username":"testuser"}
{"email":"test@example.com","level":"info","message":"User registered successfully","service":"progress-tracker-api","timestamp":"2025-07-28T21:33:00.992Z","userId":"d90feb22-b8c8-4775-8e77-f87a3e25eb13","username":"testuser"}
{"email":"test@example.com","level":"info","message":"User registered successfully","service":"progress-tracker-api","timestamp":"2025-07-28T21:33:01.217Z","userId":"d83fe728-2afd-461a-b015-621eaaab2760","username":"testuser"}
{"email":"test@example.com","level":"info","message":"User registered successfully","service":"progress-tracker-api","timestamp":"2025-07-28T21:33:01.445Z","userId":"632720e5-8731-4046-81ab-381770712ec0","username":"testuser"}
{"email":"test@example.com","level":"info","message":"User registered successfully","service":"progress-tracker-api","timestamp":"2025-07-28T21:33:01.680Z","userId":"62ce051a-4f67-4618-aa0e-d21469262f0c","username":"testuser"}
{"email":"test@example.com","level":"info","message":"User registered successfully","service":"progress-tracker-api","timestamp":"2025-07-28T21:33:01.906Z","userId":"19c63858-f216-4e15-89fb-086d3eb1d41d","username":"testuser"}
{"email":"test@example.com","level":"info","message":"User registered successfully","service":"progress-tracker-api","timestamp":"2025-07-28T21:33:02.140Z","userId":"62838dcb-f0a2-4720-84f9-a053cd7a2168","username":"testuser"}
{"email":"test@example.com","level":"info","message":"User registered successfully","service":"progress-tracker-api","timestamp":"2025-07-28T21:33:02.375Z","userId":"43c467bf-4dec-48e1-995c-3487da9ec74d","username":"testuser"}
{"email":"test@example.com","level":"info","message":"User registered successfully","service":"progress-tracker-api","timestamp":"2025-07-28T21:33:02.609Z","userId":"9243b02a-4150-4725-bdff-5f47a7452d23","username":"testuser"}
{"email":"test@example.com","level":"info","message":"User registered successfully","service":"progress-tracker-api","timestamp":"2025-07-28T21:33:02.842Z","userId":"a931e842-c61c-4806-b44b-4b1bf3dc8daa","username":"testuser"}
{"email":"test@example.com","level":"info","message":"User registered successfully","service":"progress-tracker-api","timestamp":"2025-07-28T21:33:03.072Z","userId":"ebdee77b-8422-465e-a229-9eea3b00e250","username":"testuser"}
{"email":"test@example.com","level":"info","message":"User registered successfully","service":"progress-tracker-api","timestamp":"2025-07-28T21:33:03.301Z","userId":"701a534a-1818-4117-8811-288475c227e1","username":"testuser"}
{"email":"test@example.com","level":"info","message":"User registered successfully","service":"progress-tracker-api","timestamp":"2025-07-28T21:33:03.533Z","userId":"8d4503e8-38c8-4574-a8dd-e27d42c15f82","username":"testuser"}
{"email":"debug@example.com","error":"SQLITE_ERROR: no such table: users","level":"error","message":"Registration failed","service":"progress-tracker-api","timestamp":"2025-07-28T21:36:38.457Z","username":"debuguser"}
{"email":"integration@example.com","error":"SQLITE_ERROR: no such table: users","level":"error","message":"Registration failed","service":"progress-tracker-api","timestamp":"2025-07-28T21:36:38.457Z","username":"integrationuser"}
{"email":"test@example.com","error":"SQLITE_ERROR: no such table: users","level":"error","message":"Registration failed","service":"progress-tracker-api","timestamp":"2025-07-28T21:36:38.457Z","username":"testuser"}
{"email":"test@example.com","error":"Validation error","level":"error","message":"Registration failed","service":"progress-tracker-api","timestamp":"2025-07-28T21:36:38.709Z","username":"testuser"}
{"email":"login@example.com","level":"info","message":"User registered successfully","service":"progress-tracker-api","timestamp":"2025-07-28T21:36:38.723Z","userId":"172681c6-05b6-4181-bab2-d5e51a4d024d","username":"loginuser"}
{"email":"test@example.com","level":"info","message":"User registered successfully","service":"progress-tracker-api","timestamp":"2025-07-28T21:36:38.749Z","userId":"add19cbd-8c75-41d6-9d15-45b35f57aac0","username":"testuser"}
{"email":"existing@example.com","error":"邮箱已被注册","level":"error","message":"Registration failed","service":"progress-tracker-api","timestamp":"2025-07-28T21:36:38.961Z","username":"newuser"}
{"email":"login@example.com","level":"info","message":"User logged in successfully","service":"progress-tracker-api","timestamp":"2025-07-28T21:36:38.971Z","userId":"172681c6-05b6-4181-bab2-d5e51a4d024d"}
{"email":"test@example.com","level":"info","message":"User registered successfully","service":"progress-tracker-api","timestamp":"2025-07-28T21:36:39.005Z","userId":"5c0463dd-c2e7-4c31-b99c-b9c428cf20ec","username":"testuser"}
{"email":"new@example.com","error":"用户名已被使用","level":"error","message":"Registration failed","service":"progress-tracker-api","timestamp":"2025-07-28T21:36:39.203Z","username":"existinguser"}
{"email":"profile@example.com","level":"info","message":"User registered successfully","service":"progress-tracker-api","timestamp":"2025-07-28T21:36:39.215Z","userId":"b2725818-19fb-4ca9-b583-3dc3605acab6","username":"profileuser"}
{"email":"test@example.com","level":"info","message":"User registered successfully","service":"progress-tracker-api","timestamp":"2025-07-28T21:36:39.316Z","userId":"9614bab7-4d13-4919-b3cf-fdc2f8179f29","username":"testuser"}
{"email":"test@example.com","level":"info","message":"User registered successfully","service":"progress-tracker-api","timestamp":"2025-07-28T21:36:39.556Z","userId":"2ce16b43-185e-4cc5-893f-8fae245790b8","username":"testuser"}
{"email":"login@example.com","level":"info","message":"User logged in successfully","service":"progress-tracker-api","timestamp":"2025-07-28T21:36:39.681Z","userId":"03450967-6d4d-42f4-9cd6-ac9c6d3afb25"}
{"email":"test@example.com","level":"info","message":"User registered successfully","service":"progress-tracker-api","timestamp":"2025-07-28T21:36:39.797Z","userId":"0f960382-b8c7-466e-beff-bdd63f7a6611","username":"testuser"}
{"email":"test@example.com","level":"info","message":"User registered successfully","service":"progress-tracker-api","timestamp":"2025-07-28T21:36:40.048Z","userId":"9f8f32b4-3186-4959-91bb-a2b1ccdf21b7","username":"testuser"}
{"email":"login@example.com","error":"邮箱或密码错误","level":"error","message":"Login failed","service":"progress-tracker-api","timestamp":"2025-07-28T21:36:40.157Z"}
{"email":"test@example.com","level":"info","message":"User registered successfully","service":"progress-tracker-api","timestamp":"2025-07-28T21:36:40.293Z","userId":"e1f33a62-e879-46cc-b46c-6e045910cf24","username":"testuser"}
{"email":"nonexistent@example.com","error":"邮箱或密码错误","level":"error","message":"Login failed","service":"progress-tracker-api","timestamp":"2025-07-28T21:36:40.397Z"}
{"email":"test@example.com","level":"info","message":"User registered successfully","service":"progress-tracker-api","timestamp":"2025-07-28T21:36:40.535Z","userId":"ee804fe4-d3aa-4150-be2b-9375aef65a92","username":"testuser"}
{"email":"profile@example.com","level":"info","message":"User registered successfully","service":"progress-tracker-api","timestamp":"2025-07-28T21:36:40.625Z","userId":"a4707300-1b9c-43f7-baa5-c9f0716c12c7","username":"profileuser"}
{"email":"test@example.com","level":"info","message":"User registered successfully","service":"progress-tracker-api","timestamp":"2025-07-28T21:36:40.770Z","userId":"6188d0d2-b406-4016-82d9-d8d9c0a0a67d","username":"testuser"}
{"email":"profile@example.com","level":"info","message":"User registered successfully","service":"progress-tracker-api","timestamp":"2025-07-28T21:36:40.860Z","userId":"56d05044-e3b5-4bc9-890a-75b8192a37c3","username":"profileuser"}
{"email":"test@example.com","level":"info","message":"User registered successfully","service":"progress-tracker-api","timestamp":"2025-07-28T21:36:41.005Z","userId":"ac859f28-be75-4c0c-abf6-3b98c340848e","username":"testuser"}
{"email":"profile@example.com","level":"info","message":"User registered successfully","service":"progress-tracker-api","timestamp":"2025-07-28T21:36:41.090Z","userId":"cc8fc41c-adea-4c51-9eb4-6edcd29df865","username":"profileuser"}
{"error":"jwt malformed","ip":"::ffff:127.0.0.1","level":"error","message":"Authentication middleware error","method":"GET","service":"progress-tracker-api","timestamp":"2025-07-28T21:36:41.092Z","url":"/profile"}
{"email":"test@example.com","level":"info","message":"User registered successfully","service":"progress-tracker-api","timestamp":"2025-07-28T21:36:41.239Z","userId":"cc73ad91-2d31-460e-9e05-a02810e6a51e","username":"testuser"}
{"email":"password@example.com","level":"info","message":"User registered successfully","service":"progress-tracker-api","timestamp":"2025-07-28T21:36:41.321Z","userId":"946646b1-890d-4e56-b473-015462ecad5f","username":"passworduser"}
{"email":"test@example.com","level":"info","message":"User registered successfully","service":"progress-tracker-api","timestamp":"2025-07-28T21:36:41.477Z","userId":"ddbbc492-7ead-45a2-99bf-23ed3a961d9a","username":"testuser"}
{"email":"test@example.com","level":"info","message":"User registered successfully","service":"progress-tracker-api","timestamp":"2025-07-28T21:36:41.709Z","userId":"80cf499d-bca7-406d-bd06-1a0f47204605","username":"testuser"}
{"level":"info","message":"Password changed successfully","service":"progress-tracker-api","timestamp":"2025-07-28T21:36:41.776Z","userId":"946646b1-890d-4e56-b473-015462ecad5f"}
{"email":"test@example.com","level":"info","message":"User registered successfully","service":"progress-tracker-api","timestamp":"2025-07-28T21:36:41.947Z","userId":"c622c223-42b0-480f-8433-8a0310499f22","username":"testuser"}
{"email":"password@example.com","level":"info","message":"User registered successfully","service":"progress-tracker-api","timestamp":"2025-07-28T21:36:42.005Z","userId":"991eb7c4-fb01-4d4f-b209-f9d928cfeb34","username":"passworduser"}
{"error":"当前密码错误","level":"error","message":"Password change failed","service":"progress-tracker-api","timestamp":"2025-07-28T21:36:42.239Z","userId":"991eb7c4-fb01-4d4f-b209-f9d928cfeb34"}
{"email":"test@example.com","level":"info","message":"User registered successfully","service":"progress-tracker-api","timestamp":"2025-07-28T21:36:49.150Z","userId":"b3a1f830-944d-42bf-a50e-905b8bcabf23","username":"testuser"}
{"email":"test@example.com","level":"info","message":"User registered successfully","service":"progress-tracker-api","timestamp":"2025-07-28T21:36:49.397Z","userId":"bc411d46-c5f8-4b48-ac6f-5033b5e16fc6","username":"testuser"}
{"email":"test@example.com","level":"info","message":"User registered successfully","service":"progress-tracker-api","timestamp":"2025-07-28T21:36:49.691Z","userId":"0a95bfbc-5fb5-4790-b5e2-b6a0de3ba7e3","username":"testuser"}
{"email":"test@example.com","level":"info","message":"User registered successfully","service":"progress-tracker-api","timestamp":"2025-07-28T21:36:49.931Z","userId":"b34222e0-b770-4ffc-ad02-5b8323ce6fe9","username":"testuser"}
{"email":"test@example.com","level":"info","message":"User registered successfully","service":"progress-tracker-api","timestamp":"2025-07-28T21:36:50.181Z","userId":"fe3f7098-e494-4497-92bb-08acb17890bf","username":"testuser"}
{"email":"test@example.com","level":"info","message":"User registered successfully","service":"progress-tracker-api","timestamp":"2025-07-28T21:36:50.435Z","userId":"283b334a-1421-4222-a17b-fe39ba7dc324","username":"testuser"}
{"email":"test@example.com","level":"info","message":"User registered successfully","service":"progress-tracker-api","timestamp":"2025-07-28T21:36:50.675Z","userId":"3d7d0d5b-6232-414e-a8d0-ef00dc67ff9f","username":"testuser"}
{"email":"test@example.com","level":"info","message":"User registered successfully","service":"progress-tracker-api","timestamp":"2025-07-28T21:36:50.910Z","userId":"9bf809d8-5cc6-42a0-a5ad-490184d800f7","username":"testuser"}
{"email":"test@example.com","level":"info","message":"User registered successfully","service":"progress-tracker-api","timestamp":"2025-07-28T21:36:51.141Z","userId":"a918018a-86fb-4b66-bed6-381898a9537d","username":"testuser"}
{"email":"test@example.com","level":"info","message":"User registered successfully","service":"progress-tracker-api","timestamp":"2025-07-28T21:36:51.373Z","userId":"5358da30-1990-442e-9300-206d936563b3","username":"testuser"}
{"email":"test@example.com","level":"info","message":"User registered successfully","service":"progress-tracker-api","timestamp":"2025-07-28T21:36:51.605Z","userId":"14aa5f21-1586-4bc6-8486-ef9308211dbc","username":"testuser"}
{"email":"test@example.com","level":"info","message":"User registered successfully","service":"progress-tracker-api","timestamp":"2025-07-28T21:36:51.836Z","userId":"d0666244-e03a-49c7-99e9-92d9c60a9f03","username":"testuser"}
{"email":"test@example.com","level":"info","message":"User registered successfully","service":"progress-tracker-api","timestamp":"2025-07-28T21:36:52.066Z","userId":"6244acb4-0454-4ddf-a1b9-884478443a9c","username":"testuser"}
{"email":"test@example.com","level":"info","message":"User registered successfully","service":"progress-tracker-api","timestamp":"2025-07-28T21:36:52.302Z","userId":"f189a540-5f00-4129-b9d6-dd748e5b08ce","username":"testuser"}
{"email":"shenyukang99@gmail.com","error":"邮箱或密码错误","level":"error","message":"Login failed","service":"progress-tracker-api","timestamp":"2025-07-28T22:03:32.094Z"}
{"email":"shenyukang99@gmail.com","level":"info","message":"User registered successfully","service":"progress-tracker-api","timestamp":"2025-07-28T22:03:41.515Z","userId":"489f53f3-1c3a-4e43-962c-ba6d08e9d7d0","username":"shenyukang"}
{"level":"info","message":"User logged out","service":"progress-tracker-api","timestamp":"2025-07-29T16:20:30.845Z","userId":"489f53f3-1c3a-4e43-962c-ba6d08e9d7d0"}
{"level":"info","message":"User logged out","service":"progress-tracker-api","timestamp":"2025-07-29T16:20:30.848Z","userId":"489f53f3-1c3a-4e43-962c-ba6d08e9d7d0"}
{"email":"shenyukang99@gmail.com","level":"info","message":"User logged in successfully","service":"progress-tracker-api","timestamp":"2025-07-29T16:20:43.288Z","userId":"489f53f3-1c3a-4e43-962c-ba6d08e9d7d0"}
{"email":"shenyukang99@gmail.com","level":"info","message":"User logged in successfully","service":"progress-tracker-api","timestamp":"2025-07-29T16:20:55.769Z","userId":"489f53f3-1c3a-4e43-962c-ba6d08e9d7d0"}
{"email":"test1753806123428@example.com","level":"info","message":"User registered successfully","service":"progress-tracker-api","timestamp":"2025-07-29T16:22:03.663Z","userId":"fd836818-2117-40b7-bbad-418631d509bb","username":"testuser123428"}
{"email":"test1753806123428@example.com","level":"info","message":"User logged in successfully","service":"progress-tracker-api","timestamp":"2025-07-29T16:22:03.888Z","userId":"fd836818-2117-40b7-bbad-418631d509bb"}
{"email":"shenyukang99@gmail.com","level":"info","message":"User logged in successfully","service":"progress-tracker-api","timestamp":"2025-07-29T16:22:49.353Z","userId":"489f53f3-1c3a-4e43-962c-ba6d08e9d7d0"}
{"email":"shenyukang99@gmail.com","level":"info","message":"User logged in successfully","service":"progress-tracker-api","timestamp":"2025-07-29T16:22:56.310Z","userId":"489f53f3-1c3a-4e43-962c-ba6d08e9d7d0"}
{"email":"shenyukang99@gmail.com","level":"info","message":"User logged in successfully","service":"progress-tracker-api","timestamp":"2025-07-29T16:40:07.221Z","userId":"489f53f3-1c3a-4e43-962c-ba6d08e9d7d0"}
{"email":"shenyukang99@gmail.com","level":"info","message":"User logged in successfully","service":"progress-tracker-api","timestamp":"2025-07-29T16:40:14.432Z","userId":"489f53f3-1c3a-4e43-962c-ba6d08e9d7d0"}
{"email":"shenyukang99@gmail.com","level":"info","message":"User logged in successfully","service":"progress-tracker-api","timestamp":"2025-07-29T16:41:16.090Z","userId":"489f53f3-1c3a-4e43-962c-ba6d08e9d7d0"}
{"email":"shenyukang99@gmail.com","level":"info","message":"User logged in successfully","service":"progress-tracker-api","timestamp":"2025-07-29T16:45:07.652Z","userId":"489f53f3-1c3a-4e43-962c-ba6d08e9d7d0"}
{"email":"test@example.com","level":"info","message":"User registered successfully","service":"progress-tracker-api","timestamp":"2025-08-01T19:59:13.625Z","userId":"3edec211-9685-4668-9f5c-f36c876df51c","username":"testuser"}
{"email":"test@example.com","level":"info","message":"User registered successfully","service":"progress-tracker-api","timestamp":"2025-08-01T19:59:13.988Z","userId":"e0a8cee0-e548-49e6-8cc0-3107a2efcc0f","username":"testuser"}
{"email":"test@example.com","level":"info","message":"User registered successfully","service":"progress-tracker-api","timestamp":"2025-08-01T19:59:14.409Z","userId":"01b89f22-cbaf-4051-b7c4-e994856e5908","username":"testuser"}
{"email":"test@example.com","level":"info","message":"User registered successfully","service":"progress-tracker-api","timestamp":"2025-08-01T19:59:14.746Z","userId":"0dd4920f-f58d-462c-ab8f-3cac9ffb9be7","username":"testuser"}
{"email":"test@example.com","level":"info","message":"User registered successfully","service":"progress-tracker-api","timestamp":"2025-08-01T19:59:15.085Z","userId":"3f367ce3-eab4-4449-b146-ced84eca6bf7","username":"testuser"}
{"email":"test@example.com","level":"info","message":"User registered successfully","service":"progress-tracker-api","timestamp":"2025-08-01T19:59:15.433Z","userId":"5f90499f-bfb0-4da3-ba46-58630ddff2f2","username":"testuser"}
{"email":"test@example.com","level":"info","message":"User registered successfully","service":"progress-tracker-api","timestamp":"2025-08-01T19:59:15.773Z","userId":"fd5ede54-2085-4737-a0b4-c51a27b14c3a","username":"testuser"}
{"email":"test@example.com","level":"info","message":"User registered successfully","service":"progress-tracker-api","timestamp":"2025-08-01T19:59:16.127Z","userId":"7c757e63-831e-4f49-8738-5a87524762d5","username":"testuser"}
{"email":"test@example.com","level":"info","message":"User registered successfully","service":"progress-tracker-api","timestamp":"2025-08-01T19:59:16.475Z","userId":"5d3880e5-fa3d-4a74-a6d6-a8ac92ecbc10","username":"testuser"}
{"email":"test@example.com","level":"info","message":"User registered successfully","service":"progress-tracker-api","timestamp":"2025-08-01T19:59:16.821Z","userId":"aae9ac72-6049-4200-9ced-00a7ea2cfcc0","username":"testuser"}
{"email":"test@example.com","level":"info","message":"User registered successfully","service":"progress-tracker-api","timestamp":"2025-08-01T19:59:17.162Z","userId":"75dd0e18-4f42-47bb-b0e0-e3bca844de5c","username":"testuser"}
{"email":"test@example.com","level":"info","message":"User registered successfully","service":"progress-tracker-api","timestamp":"2025-08-01T19:59:17.511Z","userId":"e716e916-04f2-4e24-97e0-ef9dd3228a4d","username":"testuser"}
{"email":"test@example.com","level":"info","message":"User registered successfully","service":"progress-tracker-api","timestamp":"2025-08-01T19:59:17.854Z","userId":"d5215418-625f-4492-abf7-f50df3f02cae","username":"testuser"}
{"email":"test@example.com","level":"info","message":"User registered successfully","service":"progress-tracker-api","timestamp":"2025-08-01T19:59:18.205Z","userId":"7c9fac51-d5d2-4167-91c3-9a298bb7a3cb","username":"testuser"}
{"email":"test@example.com","level":"info","message":"User registered successfully","service":"progress-tracker-api","timestamp":"2025-08-01T19:59:36.403Z","userId":"d3fdc05b-1560-4420-93e2-209bbdc35611","username":"testuser"}
{"email":"test@example.com","level":"info","message":"User registered successfully","service":"progress-tracker-api","timestamp":"2025-08-01T19:59:36.766Z","userId":"d18bcf80-d356-46a2-b5e4-42d1159a8dca","username":"testuser"}
{"email":"test@example.com","level":"info","message":"User registered successfully","service":"progress-tracker-api","timestamp":"2025-08-01T19:59:37.191Z","userId":"6059640b-5386-4b64-8a0b-91d4487d089c","username":"testuser"}
{"email":"test@example.com","level":"info","message":"User registered successfully","service":"progress-tracker-api","timestamp":"2025-08-01T19:59:37.535Z","userId":"abb984a8-ab6a-4bee-bc9a-27db29413df4","username":"testuser"}
{"email":"test@example.com","level":"info","message":"User registered successfully","service":"progress-tracker-api","timestamp":"2025-08-01T19:59:37.883Z","userId":"13398d73-edd5-4617-937f-98adfa722b8d","username":"testuser"}
{"email":"test@example.com","level":"info","message":"User registered successfully","service":"progress-tracker-api","timestamp":"2025-08-01T19:59:38.230Z","userId":"cc482ef5-37b9-429a-bd64-6850fb09c803","username":"testuser"}
{"email":"test@example.com","level":"info","message":"User registered successfully","service":"progress-tracker-api","timestamp":"2025-08-01T19:59:38.569Z","userId":"58195793-bc80-46c8-9910-e22d401505ee","username":"testuser"}
{"email":"test@example.com","level":"info","message":"User registered successfully","service":"progress-tracker-api","timestamp":"2025-08-01T19:59:38.919Z","userId":"fb89c4ff-7a18-4a37-9b2d-cb67bc53b1e2","username":"testuser"}
{"email":"test@example.com","level":"info","message":"User registered successfully","service":"progress-tracker-api","timestamp":"2025-08-01T19:59:39.265Z","userId":"c487394f-14f5-4e1f-bc9e-294d5618891f","username":"testuser"}
{"email":"test@example.com","level":"info","message":"User registered successfully","service":"progress-tracker-api","timestamp":"2025-08-01T19:59:39.611Z","userId":"decbdbde-a7f7-464a-9ab1-9bb6c085674d","username":"testuser"}
{"email":"test@example.com","level":"info","message":"User registered successfully","service":"progress-tracker-api","timestamp":"2025-08-01T19:59:39.963Z","userId":"30dd65d0-93e7-44a0-b4af-ea8083c76756","username":"testuser"}
{"email":"test@example.com","level":"info","message":"User registered successfully","service":"progress-tracker-api","timestamp":"2025-08-01T19:59:40.311Z","userId":"36742fb8-2a0e-47d1-8600-45d489775335","username":"testuser"}
{"email":"test@example.com","level":"info","message":"User registered successfully","service":"progress-tracker-api","timestamp":"2025-08-01T19:59:40.658Z","userId":"077642b1-18ad-44fe-ae1a-08d21515d007","username":"testuser"}
{"email":"test@example.com","level":"info","message":"User registered successfully","service":"progress-tracker-api","timestamp":"2025-08-01T19:59:41.008Z","userId":"154f03d8-6f79-4789-9bae-4079620db1a8","username":"testuser"}
{"email":"test@example.com","level":"info","message":"User registered successfully","service":"progress-tracker-api","timestamp":"2025-08-01T19:59:56.013Z","userId":"f9c3c1b9-a56e-4d23-85f4-6b5e2c8f1767","username":"testuser"}
{"email":"test@example.com","level":"info","message":"User registered successfully","service":"progress-tracker-api","timestamp":"2025-08-01T19:59:56.373Z","userId":"6e6c08be-02b2-4eff-87fc-1b1c716f7be3","username":"testuser"}
{"email":"test@example.com","level":"info","message":"User registered successfully","service":"progress-tracker-api","timestamp":"2025-08-01T19:59:56.794Z","userId":"8f271455-eeff-4441-98b4-6f15c9b42dcb","username":"testuser"}
{"email":"test@example.com","level":"info","message":"User registered successfully","service":"progress-tracker-api","timestamp":"2025-08-01T19:59:57.129Z","userId":"41250c38-5d88-4426-9b11-95c30f87aecf","username":"testuser"}
{"email":"test@example.com","level":"info","message":"User registered successfully","service":"progress-tracker-api","timestamp":"2025-08-01T19:59:57.476Z","userId":"65b51276-e329-4edf-b91e-41ffe674b4f0","username":"testuser"}
{"email":"test@example.com","level":"info","message":"User registered successfully","service":"progress-tracker-api","timestamp":"2025-08-01T19:59:57.820Z","userId":"2ee5152b-4484-423d-9795-f48b2dd100b0","username":"testuser"}
{"email":"test@example.com","level":"info","message":"User registered successfully","service":"progress-tracker-api","timestamp":"2025-08-01T19:59:58.159Z","userId":"b735036e-9abb-42a9-be44-eff97371493c","username":"testuser"}
{"email":"test@example.com","level":"info","message":"User registered successfully","service":"progress-tracker-api","timestamp":"2025-08-01T19:59:58.508Z","userId":"0d005246-c0a3-447b-b912-2e650e3973ff","username":"testuser"}
{"email":"test@example.com","level":"info","message":"User registered successfully","service":"progress-tracker-api","timestamp":"2025-08-01T19:59:58.854Z","userId":"c5ea6195-6b57-4b16-b8f0-d0bc6cf04a3b","username":"testuser"}
{"email":"test@example.com","level":"info","message":"User registered successfully","service":"progress-tracker-api","timestamp":"2025-08-01T19:59:59.200Z","userId":"75538433-0f6e-4a4d-af6a-8a8b510e1e07","username":"testuser"}
{"email":"test@example.com","level":"info","message":"User registered successfully","service":"progress-tracker-api","timestamp":"2025-08-01T19:59:59.540Z","userId":"9f5c70f5-5e39-4345-9b31-e17d68ab8544","username":"testuser"}
{"email":"test@example.com","level":"info","message":"User registered successfully","service":"progress-tracker-api","timestamp":"2025-08-01T19:59:59.883Z","userId":"2f732164-7345-4518-9b71-c64468ac52d0","username":"testuser"}
{"email":"test@example.com","level":"info","message":"User registered successfully","service":"progress-tracker-api","timestamp":"2025-08-01T20:00:00.222Z","userId":"cbdadd98-2bfb-4143-a891-4aee6cdb01a5","username":"testuser"}
{"email":"test@example.com","level":"info","message":"User registered successfully","service":"progress-tracker-api","timestamp":"2025-08-01T20:00:00.567Z","userId":"d3e85986-d0f6-486a-8abe-1832a2bb8081","username":"testuser"}
{"email":"test@example.com","level":"info","message":"User registered successfully","service":"progress-tracker-api","timestamp":"2025-08-01T20:04:31.513Z","userId":"f79346f5-881f-40f1-8f29-112ea96f6298","username":"testuser"}
{"email":"test@example.com","level":"info","message":"User logged in successfully","service":"progress-tracker-api","timestamp":"2025-08-01T20:04:37.944Z","userId":"f79346f5-881f-40f1-8f29-112ea96f6298"}
