{"email":"test@example.com","error":"secretOrPrivateKey must have a value","level":"error","message":"Registration failed","service":"progress-tracker-api","timestamp":"2025-07-28T20:39:28.582Z","username":"testuser"}
{"email":"existing@example.com","error":"邮箱已被注册","level":"error","message":"Registration failed","service":"progress-tracker-api","timestamp":"2025-07-28T20:39:28.817Z","username":"newuser"}
{"email":"new@example.com","error":"用户名已被使用","level":"error","message":"Registration failed","service":"progress-tracker-api","timestamp":"2025-07-28T20:39:29.044Z","username":"existinguser"}
{"email":"login@example.com","error":"secretOrPrivateKey must have a value","level":"error","message":"Login failed","service":"progress-tracker-api","timestamp":"2025-07-28T20:39:29.498Z"}
{"email":"login@example.com","error":"邮箱或密码错误","level":"error","message":"Login failed","service":"progress-tracker-api","timestamp":"2025-07-28T20:39:29.940Z"}
{"email":"nonexistent@example.com","error":"邮箱或密码错误","level":"error","message":"Login failed","service":"progress-tracker-api","timestamp":"2025-07-28T20:39:30.167Z"}
{"email":"profile@example.com","error":"secretOrPrivateKey must have a value","level":"error","message":"Registration failed","service":"progress-tracker-api","timestamp":"2025-07-28T20:39:30.390Z","username":"profileuser"}
{"email":"profile@example.com","error":"secretOrPrivateKey must have a value","level":"error","message":"Registration failed","service":"progress-tracker-api","timestamp":"2025-07-28T20:39:30.615Z","username":"profileuser"}
{"email":"profile@example.com","error":"secretOrPrivateKey must have a value","level":"error","message":"Registration failed","service":"progress-tracker-api","timestamp":"2025-07-28T20:39:30.841Z","username":"profileuser"}
{"email":"existing@example.com","error":"邮箱已被注册","level":"error","message":"Registration failed","service":"progress-tracker-api","timestamp":"2025-07-28T20:39:56.363Z","username":"newuser"}
{"email":"new@example.com","error":"用户名已被使用","level":"error","message":"Registration failed","service":"progress-tracker-api","timestamp":"2025-07-28T20:39:56.588Z","username":"existinguser"}
{"email":"login@example.com","error":"邮箱或密码错误","level":"error","message":"Login failed","service":"progress-tracker-api","timestamp":"2025-07-28T20:39:57.497Z"}
{"email":"nonexistent@example.com","error":"邮箱或密码错误","level":"error","message":"Login failed","service":"progress-tracker-api","timestamp":"2025-07-28T20:39:57.726Z"}
{"email":"shenyukang99@gmail.com","error":"邮箱或密码错误","level":"error","message":"Login failed","service":"progress-tracker-api","timestamp":"2025-07-28T21:17:25.328Z"}
{"email":"test@example.com","error":"secretOrPrivateKey must have a value","level":"error","message":"Registration failed","service":"progress-tracker-api","timestamp":"2025-07-28T21:30:27.562Z","username":"testuser"}
{"email":"test@example.com","error":"secretOrPrivateKey must have a value","level":"error","message":"Registration failed","service":"progress-tracker-api","timestamp":"2025-07-28T21:30:27.791Z","username":"testuser"}
{"email":"test@example.com","error":"secretOrPrivateKey must have a value","level":"error","message":"Registration failed","service":"progress-tracker-api","timestamp":"2025-07-28T21:30:28.017Z","username":"testuser"}
{"email":"test@example.com","error":"secretOrPrivateKey must have a value","level":"error","message":"Registration failed","service":"progress-tracker-api","timestamp":"2025-07-28T21:30:28.242Z","username":"testuser"}
{"email":"test@example.com","error":"secretOrPrivateKey must have a value","level":"error","message":"Registration failed","service":"progress-tracker-api","timestamp":"2025-07-28T21:30:28.468Z","username":"testuser"}
{"email":"test@example.com","error":"secretOrPrivateKey must have a value","level":"error","message":"Registration failed","service":"progress-tracker-api","timestamp":"2025-07-28T21:30:28.693Z","username":"testuser"}
{"email":"test@example.com","error":"secretOrPrivateKey must have a value","level":"error","message":"Registration failed","service":"progress-tracker-api","timestamp":"2025-07-28T21:30:28.916Z","username":"testuser"}
{"email":"test@example.com","error":"secretOrPrivateKey must have a value","level":"error","message":"Registration failed","service":"progress-tracker-api","timestamp":"2025-07-28T21:30:29.141Z","username":"testuser"}
{"email":"test@example.com","error":"secretOrPrivateKey must have a value","level":"error","message":"Registration failed","service":"progress-tracker-api","timestamp":"2025-07-28T21:30:29.366Z","username":"testuser"}
{"email":"test@example.com","error":"secretOrPrivateKey must have a value","level":"error","message":"Registration failed","service":"progress-tracker-api","timestamp":"2025-07-28T21:30:29.590Z","username":"testuser"}
{"email":"test@example.com","error":"secretOrPrivateKey must have a value","level":"error","message":"Registration failed","service":"progress-tracker-api","timestamp":"2025-07-28T21:30:29.813Z","username":"testuser"}
{"email":"test@example.com","error":"secretOrPrivateKey must have a value","level":"error","message":"Registration failed","service":"progress-tracker-api","timestamp":"2025-07-28T21:30:30.036Z","username":"testuser"}
{"email":"test@example.com","error":"secretOrPrivateKey must have a value","level":"error","message":"Registration failed","service":"progress-tracker-api","timestamp":"2025-07-28T21:30:30.260Z","username":"testuser"}
{"email":"test@example.com","error":"secretOrPrivateKey must have a value","level":"error","message":"Registration failed","service":"progress-tracker-api","timestamp":"2025-07-28T21:30:30.484Z","username":"testuser"}
{"email":"test@example.com","error":"secretOrPrivateKey must have a value","level":"error","message":"Registration failed","service":"progress-tracker-api","timestamp":"2025-07-28T21:30:52.622Z","username":"testuser"}
{"email":"test@example.com","error":"secretOrPrivateKey must have a value","level":"error","message":"Registration failed","service":"progress-tracker-api","timestamp":"2025-07-28T21:30:52.861Z","username":"testuser"}
{"email":"test@example.com","error":"secretOrPrivateKey must have a value","level":"error","message":"Registration failed","service":"progress-tracker-api","timestamp":"2025-07-28T21:30:53.086Z","username":"testuser"}
{"email":"test@example.com","error":"secretOrPrivateKey must have a value","level":"error","message":"Registration failed","service":"progress-tracker-api","timestamp":"2025-07-28T21:30:53.310Z","username":"testuser"}
{"email":"test@example.com","error":"secretOrPrivateKey must have a value","level":"error","message":"Registration failed","service":"progress-tracker-api","timestamp":"2025-07-28T21:30:53.536Z","username":"testuser"}
{"email":"test@example.com","error":"secretOrPrivateKey must have a value","level":"error","message":"Registration failed","service":"progress-tracker-api","timestamp":"2025-07-28T21:30:53.760Z","username":"testuser"}
{"email":"test@example.com","error":"secretOrPrivateKey must have a value","level":"error","message":"Registration failed","service":"progress-tracker-api","timestamp":"2025-07-28T21:30:53.985Z","username":"testuser"}
{"email":"test@example.com","error":"secretOrPrivateKey must have a value","level":"error","message":"Registration failed","service":"progress-tracker-api","timestamp":"2025-07-28T21:30:54.209Z","username":"testuser"}
{"email":"test@example.com","error":"secretOrPrivateKey must have a value","level":"error","message":"Registration failed","service":"progress-tracker-api","timestamp":"2025-07-28T21:30:54.434Z","username":"testuser"}
{"email":"test@example.com","error":"secretOrPrivateKey must have a value","level":"error","message":"Registration failed","service":"progress-tracker-api","timestamp":"2025-07-28T21:30:54.659Z","username":"testuser"}
{"email":"test@example.com","error":"secretOrPrivateKey must have a value","level":"error","message":"Registration failed","service":"progress-tracker-api","timestamp":"2025-07-28T21:30:54.882Z","username":"testuser"}
{"email":"test@example.com","error":"secretOrPrivateKey must have a value","level":"error","message":"Registration failed","service":"progress-tracker-api","timestamp":"2025-07-28T21:30:55.104Z","username":"testuser"}
{"email":"test@example.com","error":"secretOrPrivateKey must have a value","level":"error","message":"Registration failed","service":"progress-tracker-api","timestamp":"2025-07-28T21:30:55.327Z","username":"testuser"}
{"email":"test@example.com","error":"secretOrPrivateKey must have a value","level":"error","message":"Registration failed","service":"progress-tracker-api","timestamp":"2025-07-28T21:30:55.550Z","username":"testuser"}
{"email":"integration@example.com","error":"SQLITE_ERROR: no such table: users","level":"error","message":"Registration failed","service":"progress-tracker-api","timestamp":"2025-07-28T21:36:38.457Z","username":"integrationuser"}
{"email":"debug@example.com","error":"SQLITE_ERROR: no such table: users","level":"error","message":"Registration failed","service":"progress-tracker-api","timestamp":"2025-07-28T21:36:38.457Z","username":"debuguser"}
{"email":"test@example.com","error":"SQLITE_ERROR: no such table: users","level":"error","message":"Registration failed","service":"progress-tracker-api","timestamp":"2025-07-28T21:36:38.457Z","username":"testuser"}
{"email":"test@example.com","error":"Validation error","level":"error","message":"Registration failed","service":"progress-tracker-api","timestamp":"2025-07-28T21:36:38.709Z","username":"testuser"}
{"email":"existing@example.com","error":"邮箱已被注册","level":"error","message":"Registration failed","service":"progress-tracker-api","timestamp":"2025-07-28T21:36:38.961Z","username":"newuser"}
{"email":"new@example.com","error":"用户名已被使用","level":"error","message":"Registration failed","service":"progress-tracker-api","timestamp":"2025-07-28T21:36:39.203Z","username":"existinguser"}
{"email":"login@example.com","error":"邮箱或密码错误","level":"error","message":"Login failed","service":"progress-tracker-api","timestamp":"2025-07-28T21:36:40.157Z"}
{"email":"nonexistent@example.com","error":"邮箱或密码错误","level":"error","message":"Login failed","service":"progress-tracker-api","timestamp":"2025-07-28T21:36:40.397Z"}
{"error":"jwt malformed","ip":"::ffff:127.0.0.1","level":"error","message":"Authentication middleware error","method":"GET","service":"progress-tracker-api","timestamp":"2025-07-28T21:36:41.092Z","url":"/profile"}
{"error":"当前密码错误","level":"error","message":"Password change failed","service":"progress-tracker-api","timestamp":"2025-07-28T21:36:42.239Z","userId":"991eb7c4-fb01-4d4f-b209-f9d928cfeb34"}
{"email":"shenyukang99@gmail.com","error":"邮箱或密码错误","level":"error","message":"Login failed","service":"progress-tracker-api","timestamp":"2025-07-28T22:03:32.094Z"}
